2019-06-24 00:19:24.010  INFO 9527 --- [main] com.springcloud.shiro.ShiroApplication   : Starting ShiroApplication with PID 9527 (/home/silent-y/Downloads/shiro/out/production/classes started by silent-y in /home/silent-y/Downloads/shiro)
2019-06-24 00:19:24.062  INFO 9527 --- [main] com.springcloud.shiro.ShiroApplication   : No active profile set, falling back to default profiles: default
2019-06-24 00:19:25.918  INFO 9527 --- [main] .s.d.r.c.RepositoryConfigurationDelegate : Bootstrapping Spring Data repositories in DEFAULT mode.
2019-06-24 00:19:26.104  INFO 9527 --- [main] .s.d.r.c.RepositoryConfigurationDelegate : Finished Spring Data repository scanning in 169ms. Found 3 repository interfaces.
2019-06-24 00:19:26.525  INFO 9527 --- [main] trationDelegate$BeanPostProcessorChecker : Bean 'shiroConfiguration' of type [com.springcloud.shiro.config.ShiroConfiguration$$EnhancerBySpringCGLIB$$346faa3b] is not eligible for getting processed by all BeanPostProcessors (for example: not eligible for auto-proxying)
2019-06-24 00:19:26.640  INFO 9527 --- [main] trationDelegate$BeanPostProcessorChecker : Bean 'com.springcloud.shiro.application.ApplicationYml' of type [com.springcloud.shiro.application.ApplicationYml] is not eligible for getting processed by all BeanPostProcessors (for example: not eligible for auto-proxying)
2019-06-24 00:19:26.698  INFO 9527 --- [main] trationDelegate$BeanPostProcessorChecker : Bean '(inner bean)#77c10a5f' of type [org.springframework.beans.factory.config.PropertiesFactoryBean] is not eligible for getting processed by all BeanPostProcessors (for example: not eligible for auto-proxying)
2019-06-24 00:19:26.699  INFO 9527 --- [main] trationDelegate$BeanPostProcessorChecker : Bean '(inner bean)#77c10a5f' of type [java.util.Properties] is not eligible for getting processed by all BeanPostProcessors (for example: not eligible for auto-proxying)
2019-06-24 00:19:26.702  INFO 9527 --- [main] trationDelegate$BeanPostProcessorChecker : Bean '(inner bean)#3bec5821' of type [org.springframework.data.repository.core.support.PropertiesBasedNamedQueries] is not eligible for getting processed by all BeanPostProcessors (for example: not eligible for auto-proxying)
2019-06-24 00:19:26.709  INFO 9527 --- [main] trationDelegate$BeanPostProcessorChecker : Bean '(inner bean)#c386958' of type [org.springframework.data.repository.core.support.RepositoryFragmentsFactoryBean] is not eligible for getting processed by all BeanPostProcessors (for example: not eligible for auto-proxying)
2019-06-24 00:19:26.709  INFO 9527 --- [main] trationDelegate$BeanPostProcessorChecker : Bean '(inner bean)#c386958' of type [org.springframework.data.repository.core.support.RepositoryComposition$RepositoryFragments] is not eligible for getting processed by all BeanPostProcessors (for example: not eligible for auto-proxying)
2019-06-24 00:19:26.717  INFO 9527 --- [main] trationDelegate$BeanPostProcessorChecker : Bean 'org.springframework.boot.autoconfigure.jdbc.DataSourceConfiguration$Hikari' of type [org.springframework.boot.autoconfigure.jdbc.DataSourceConfiguration$Hikari] is not eligible for getting processed by all BeanPostProcessors (for example: not eligible for auto-proxying)
2019-06-24 00:19:26.737  INFO 9527 --- [main] trationDelegate$BeanPostProcessorChecker : Bean 'spring.datasource-org.springframework.boot.autoconfigure.jdbc.DataSourceProperties' of type [org.springframework.boot.autoconfigure.jdbc.DataSourceProperties] is not eligible for getting processed by all BeanPostProcessors (for example: not eligible for auto-proxying)
2019-06-24 00:19:26.842  INFO 9527 --- [main] trationDelegate$BeanPostProcessorChecker : Bean 'dataSource' of type [com.zaxxer.hikari.HikariDataSource] is not eligible for getting processed by all BeanPostProcessors (for example: not eligible for auto-proxying)
2019-06-24 00:19:26.851  INFO 9527 --- [main] trationDelegate$BeanPostProcessorChecker : Bean 'spring.jpa-org.springframework.boot.autoconfigure.orm.jpa.JpaProperties' of type [org.springframework.boot.autoconfigure.orm.jpa.JpaProperties] is not eligible for getting processed by all BeanPostProcessors (for example: not eligible for auto-proxying)
2019-06-24 00:19:26.858  INFO 9527 --- [main] trationDelegate$BeanPostProcessorChecker : Bean 'spring.jpa.hibernate-org.springframework.boot.autoconfigure.orm.jpa.HibernateProperties' of type [org.springframework.boot.autoconfigure.orm.jpa.HibernateProperties] is not eligible for getting processed by all BeanPostProcessors (for example: not eligible for auto-proxying)
2019-06-24 00:19:26.865  INFO 9527 --- [main] trationDelegate$BeanPostProcessorChecker : Bean 'org.springframework.boot.autoconfigure.jdbc.metadata.DataSourcePoolMetadataProvidersConfiguration$HikariPoolDataSourceMetadataProviderConfiguration' of type [org.springframework.boot.autoconfigure.jdbc.metadata.DataSourcePoolMetadataProvidersConfiguration$HikariPoolDataSourceMetadataProviderConfiguration] is not eligible for getting processed by all BeanPostProcessors (for example: not eligible for auto-proxying)
2019-06-24 00:19:26.869  INFO 9527 --- [main] trationDelegate$BeanPostProcessorChecker : Bean 'hikariPoolDataSourceMetadataProvider' of type [org.springframework.boot.autoconfigure.jdbc.metadata.DataSourcePoolMetadataProvidersConfiguration$HikariPoolDataSourceMetadataProviderConfiguration$$Lambda$355/1223213866] is not eligible for getting processed by all BeanPostProcessors (for example: not eligible for auto-proxying)
2019-06-24 00:19:26.886  INFO 9527 --- [main] trationDelegate$BeanPostProcessorChecker : Bean 'org.springframework.boot.autoconfigure.orm.jpa.HibernateJpaConfiguration' of type [org.springframework.boot.autoconfigure.orm.jpa.HibernateJpaConfiguration] is not eligible for getting processed by all BeanPostProcessors (for example: not eligible for auto-proxying)
2019-06-24 00:19:26.945  INFO 9527 --- [main] trationDelegate$BeanPostProcessorChecker : Bean 'jpaVendorAdapter' of type [org.springframework.orm.jpa.vendor.HibernateJpaVendorAdapter] is not eligible for getting processed by all BeanPostProcessors (for example: not eligible for auto-proxying)
2019-06-24 00:19:26.951  INFO 9527 --- [main] trationDelegate$BeanPostProcessorChecker : Bean 'entityManagerFactoryBuilder' of type [org.springframework.boot.orm.jpa.EntityManagerFactoryBuilder] is not eligible for getting processed by all BeanPostProcessors (for example: not eligible for auto-proxying)
2019-06-24 00:19:27.046  INFO 9527 --- [main] o.hibernate.jpa.internal.util.LogHelper  : HHH000204: Processing PersistenceUnitInfo [name: default]
2019-06-24 00:19:27.211  INFO 9527 --- [main] org.hibernate.Version                    : HHH000412: Hibernate Core {5.4.3.Final}
2019-06-24 00:19:27.473  INFO 9527 --- [main] o.hibernate.annotations.common.Version   : HCANN000001: Hibernate Commons Annotations {5.1.0.Final}
2019-06-24 00:19:27.756  INFO 9527 --- [main] com.zaxxer.hikari.HikariDataSource       : HikariPool-1 - Starting...
2019-06-24 00:19:28.074  INFO 9527 --- [main] com.zaxxer.hikari.HikariDataSource       : HikariPool-1 - Start completed.
2019-06-24 00:19:28.107  INFO 9527 --- [main] org.hibernate.dialect.Dialect            : HHH000400: Using dialect: org.hibernate.dialect.MySQL57Dialect
2019-06-24 00:19:29.499  INFO 9527 --- [main] o.h.e.t.j.p.i.JtaPlatformInitiator       : HHH000490: Using JtaPlatform implementation: [org.hibernate.engine.transaction.jta.platform.internal.NoJtaPlatform]
2019-06-24 00:19:29.503  INFO 9527 --- [main] j.LocalContainerEntityManagerFactoryBean : Initialized JPA EntityManagerFactory for persistence unit 'default'
2019-06-24 00:19:29.516  INFO 9527 --- [main] trationDelegate$BeanPostProcessorChecker : Bean 'entityManagerFactory' of type [org.springframework.orm.jpa.LocalContainerEntityManagerFactoryBean] is not eligible for getting processed by all BeanPostProcessors (for example: not eligible for auto-proxying)
2019-06-24 00:19:29.518  INFO 9527 --- [main] trationDelegate$BeanPostProcessorChecker : Bean 'entityManagerFactory' of type [com.sun.proxy.$Proxy73] is not eligible for getting processed by all BeanPostProcessors (for example: not eligible for auto-proxying)
2019-06-24 00:19:29.547  INFO 9527 --- [main] trationDelegate$BeanPostProcessorChecker : Bean '(inner bean)#7d32e714' of type [com.sun.proxy.$Proxy74] is not eligible for getting processed by all BeanPostProcessors (for example: not eligible for auto-proxying)
2019-06-24 00:19:29.581  INFO 9527 --- [main] trationDelegate$BeanPostProcessorChecker : Bean 'jpaMappingContext' of type [org.springframework.data.jpa.repository.config.JpaMetamodelMappingContextFactoryBean] is not eligible for getting processed by all BeanPostProcessors (for example: not eligible for auto-proxying)
2019-06-24 00:19:29.581  INFO 9527 --- [main] trationDelegate$BeanPostProcessorChecker : Bean 'jpaMappingContext' of type [org.springframework.data.jpa.mapping.JpaMetamodelMappingContext] is not eligible for getting processed by all BeanPostProcessors (for example: not eligible for auto-proxying)
2019-06-24 00:19:29.965  INFO 9527 --- [main] trationDelegate$BeanPostProcessorChecker : Bean 'userDao' of type [org.springframework.data.jpa.repository.support.JpaRepositoryFactoryBean] is not eligible for getting processed by all BeanPostProcessors (for example: not eligible for auto-proxying)
2019-06-24 00:19:29.966  INFO 9527 --- [main] trationDelegate$BeanPostProcessorChecker : Bean 'userDao' of type [com.sun.proxy.$Proxy83] is not eligible for getting processed by all BeanPostProcessors (for example: not eligible for auto-proxying)
2019-06-24 00:19:29.967  INFO 9527 --- [main] trationDelegate$BeanPostProcessorChecker : Bean 'userServiceImpl' of type [com.springcloud.shiro.service.UserServiceImpl] is not eligible for getting processed by all BeanPostProcessors (for example: not eligible for auto-proxying)
2019-06-24 00:19:29.977  INFO 9527 --- [main] trationDelegate$BeanPostProcessorChecker : Bean '(inner bean)#6f976c' of type [org.springframework.beans.factory.config.PropertiesFactoryBean] is not eligible for getting processed by all BeanPostProcessors (for example: not eligible for auto-proxying)
2019-06-24 00:19:29.977  INFO 9527 --- [main] trationDelegate$BeanPostProcessorChecker : Bean '(inner bean)#6f976c' of type [java.util.Properties] is not eligible for getting processed by all BeanPostProcessors (for example: not eligible for auto-proxying)
2019-06-24 00:19:29.978  INFO 9527 --- [main] trationDelegate$BeanPostProcessorChecker : Bean '(inner bean)#4c9ef9c9' of type [org.springframework.data.repository.core.support.PropertiesBasedNamedQueries] is not eligible for getting processed by all BeanPostProcessors (for example: not eligible for auto-proxying)
2019-06-24 00:19:29.980  INFO 9527 --- [main] trationDelegate$BeanPostProcessorChecker : Bean '(inner bean)#7b0525a8' of type [org.springframework.data.repository.core.support.RepositoryFragmentsFactoryBean] is not eligible for getting processed by all BeanPostProcessors (for example: not eligible for auto-proxying)
2019-06-24 00:19:29.980  INFO 9527 --- [main] trationDelegate$BeanPostProcessorChecker : Bean '(inner bean)#7b0525a8' of type [org.springframework.data.repository.core.support.RepositoryComposition$RepositoryFragments] is not eligible for getting processed by all BeanPostProcessors (for example: not eligible for auto-proxying)
2019-06-24 00:19:29.982  INFO 9527 --- [main] trationDelegate$BeanPostProcessorChecker : Bean '(inner bean)#2b15ba1a' of type [com.sun.proxy.$Proxy74] is not eligible for getting processed by all BeanPostProcessors (for example: not eligible for auto-proxying)
2019-06-24 00:19:30.008  INFO 9527 --- [main] trationDelegate$BeanPostProcessorChecker : Bean 'roleDao' of type [org.springframework.data.jpa.repository.support.JpaRepositoryFactoryBean] is not eligible for getting processed by all BeanPostProcessors (for example: not eligible for auto-proxying)
2019-06-24 00:19:30.009  INFO 9527 --- [main] trationDelegate$BeanPostProcessorChecker : Bean 'roleDao' of type [com.sun.proxy.$Proxy85] is not eligible for getting processed by all BeanPostProcessors (for example: not eligible for auto-proxying)
2019-06-24 00:19:30.009  INFO 9527 --- [main] trationDelegate$BeanPostProcessorChecker : Bean 'roleServiceImpl' of type [com.springcloud.shiro.service.RoleServiceImpl] is not eligible for getting processed by all BeanPostProcessors (for example: not eligible for auto-proxying)
2019-06-24 00:19:30.018  INFO 9527 --- [main] trationDelegate$BeanPostProcessorChecker : Bean '(inner bean)#49639118' of type [org.springframework.beans.factory.config.PropertiesFactoryBean] is not eligible for getting processed by all BeanPostProcessors (for example: not eligible for auto-proxying)
2019-06-24 00:19:30.018  INFO 9527 --- [main] trationDelegate$BeanPostProcessorChecker : Bean '(inner bean)#49639118' of type [java.util.Properties] is not eligible for getting processed by all BeanPostProcessors (for example: not eligible for auto-proxying)
2019-06-24 00:19:30.019  INFO 9527 --- [main] trationDelegate$BeanPostProcessorChecker : Bean '(inner bean)#5981f2c6' of type [org.springframework.data.repository.core.support.PropertiesBasedNamedQueries] is not eligible for getting processed by all BeanPostProcessors (for example: not eligible for auto-proxying)
2019-06-24 00:19:30.020  INFO 9527 --- [main] trationDelegate$BeanPostProcessorChecker : Bean '(inner bean)#6abd8bcd' of type [org.springframework.data.repository.core.support.RepositoryFragmentsFactoryBean] is not eligible for getting processed by all BeanPostProcessors (for example: not eligible for auto-proxying)
2019-06-24 00:19:30.020  INFO 9527 --- [main] trationDelegate$BeanPostProcessorChecker : Bean '(inner bean)#6abd8bcd' of type [org.springframework.data.repository.core.support.RepositoryComposition$RepositoryFragments] is not eligible for getting processed by all BeanPostProcessors (for example: not eligible for auto-proxying)
2019-06-24 00:19:30.023  INFO 9527 --- [main] trationDelegate$BeanPostProcessorChecker : Bean '(inner bean)#5fd4e67f' of type [com.sun.proxy.$Proxy74] is not eligible for getting processed by all BeanPostProcessors (for example: not eligible for auto-proxying)
2019-06-24 00:19:30.048  INFO 9527 --- [main] trationDelegate$BeanPostProcessorChecker : Bean 'permissionDao' of type [org.springframework.data.jpa.repository.support.JpaRepositoryFactoryBean] is not eligible for getting processed by all BeanPostProcessors (for example: not eligible for auto-proxying)
2019-06-24 00:19:30.049  INFO 9527 --- [main] trationDelegate$BeanPostProcessorChecker : Bean 'permissionDao' of type [com.sun.proxy.$Proxy86] is not eligible for getting processed by all BeanPostProcessors (for example: not eligible for auto-proxying)
2019-06-24 00:19:30.049  INFO 9527 --- [main] trationDelegate$BeanPostProcessorChecker : Bean 'permissionServiceImpl' of type [com.springcloud.shiro.service.PermissionServiceImpl] is not eligible for getting processed by all BeanPostProcessors (for example: not eligible for auto-proxying)
2019-06-24 00:19:30.050  INFO 9527 --- [main] trationDelegate$BeanPostProcessorChecker : Bean 'shiroRealm' of type [com.springcloud.shiro.authtentication.UserRealm] is not eligible for getting processed by all BeanPostProcessors (for example: not eligible for auto-proxying)
2019-06-24 00:19:30.422  INFO 9527 --- [main] trationDelegate$BeanPostProcessorChecker : Bean 'securityManager' of type [org.apache.shiro.web.mgt.DefaultWebSecurityManager] is not eligible for getting processed by all BeanPostProcessors (for example: not eligible for auto-proxying)
2019-06-24 00:19:30.582  INFO 9527 --- [main] trationDelegate$BeanPostProcessorChecker : Bean 'authorizationAttributeSourceAdvisor' of type [org.apache.shiro.spring.security.interceptor.AuthorizationAttributeSourceAdvisor] is not eligible for getting processed by all BeanPostProcessors (for example: not eligible for auto-proxying)
2019-06-24 00:19:30.690  INFO 9527 --- [main] trationDelegate$BeanPostProcessorChecker : Bean 'org.springframework.transaction.annotation.ProxyTransactionManagementConfiguration' of type [org.springframework.transaction.annotation.ProxyTransactionManagementConfiguration$$EnhancerBySpringCGLIB$$a38ac735] is not eligible for getting processed by all BeanPostProcessors (for example: not eligible for auto-proxying)
2019-06-24 00:19:31.534  INFO 9527 --- [main] o.s.b.w.embedded.tomcat.TomcatWebServer  : Tomcat initialized with port(s): 8090 (http)
2019-06-24 00:19:31.552  INFO 9527 --- [main] o.apache.catalina.core.StandardService   : Starting service [Tomcat]
2019-06-24 00:19:31.553  INFO 9527 --- [main] org.apache.catalina.core.StandardEngine  : Starting Servlet engine: [Apache Tomcat/9.0.21]
2019-06-24 00:19:31.719  INFO 9527 --- [main] o.a.c.c.C.[Tomcat].[localhost].[/]       : Initializing Spring embedded WebApplicationContext
2019-06-24 00:19:31.720  INFO 9527 --- [main] o.s.web.context.ContextLoader            : Root WebApplicationContext: initialization completed in 7489 ms
2019-06-24 00:19:32.441  WARN 9527 --- [main] JpaBaseConfiguration$JpaWebConfiguration : spring.jpa.open-in-view is enabled by default. Therefore, database queries may be performed during view rendering. Explicitly configure spring.jpa.open-in-view to disable this warning
2019-06-24 00:19:32.889  INFO 9527 --- [main] pertySourcedRequestMappingHandlerMapping : Mapped URL path [/v2/api-docs] onto method [springfox.documentation.swagger2.web.Swagger2Controller#getDocumentation(String, HttpServletRequest)]
2019-06-24 00:19:33.416  INFO 9527 --- [main] o.s.s.concurrent.ThreadPoolTaskExecutor  : Initializing ExecutorService 'applicationTaskExecutor'
2019-06-24 00:19:33.889  INFO 9527 --- [main] d.s.w.p.DocumentationPluginsBootstrapper : Context refreshed
2019-06-24 00:19:33.933  INFO 9527 --- [main] d.s.w.p.DocumentationPluginsBootstrapper : Found 1 custom documentation plugin(s)
2019-06-24 00:19:33.940  WARN 9527 --- [main] ConfigServletWebServerApplicationContext : Exception encountered during context initialization - cancelling refresh attempt: org.springframework.context.ApplicationContextException: Failed to start bean 'documentationPluginsBootstrapper'; nested exception is java.lang.NoSuchMethodError: org.springframework.plugin.core.PluginRegistry.getPluginFor(Ljava/lang/Object;Lorg/springframework/plugin/core/Plugin;)Lorg/springframework/plugin/core/Plugin;
2019-06-24 00:19:33.942  INFO 9527 --- [main] o.s.s.concurrent.ThreadPoolTaskExecutor  : Shutting down ExecutorService 'applicationTaskExecutor'
2019-06-24 00:19:33.950  INFO 9527 --- [main] j.LocalContainerEntityManagerFactoryBean : Closing JPA EntityManagerFactory for persistence unit 'default'
2019-06-24 00:19:33.953  INFO 9527 --- [main] com.zaxxer.hikari.HikariDataSource       : HikariPool-1 - Shutdown initiated...
2019-06-24 00:19:33.974  INFO 9527 --- [main] com.zaxxer.hikari.HikariDataSource       : HikariPool-1 - Shutdown completed.
2019-06-24 00:19:33.978  INFO 9527 --- [main] o.apache.catalina.core.StandardService   : Stopping service [Tomcat]
2019-06-24 00:19:34.002  INFO 9527 --- [main] ConditionEvaluationReportLoggingListener : 

Error starting ApplicationContext. To display the conditions report re-run your application with 'debug' enabled.
2019-06-24 00:19:34.007 ERROR 9527 --- [main] o.s.b.d.LoggingFailureAnalysisReporter   : 

***************************
APPLICATION FAILED TO START
***************************

Description:

An attempt was made to call a method that does not exist. The attempt was made from the following location:

    springfox.documentation.spring.web.plugins.DocumentationPluginsManager.createContextBuilder(DocumentationPluginsManager.java:152)

The following method did not exist:

    org.springframework.plugin.core.PluginRegistry.getPluginFor(Ljava/lang/Object;Lorg/springframework/plugin/core/Plugin;)Lorg/springframework/plugin/core/Plugin;

The method's class, org.springframework.plugin.core.PluginRegistry, is available from the following locations:

    jar:file:/home/silent-y/.gradle/caches/modules-2/files-2.1/org.springframework.plugin/spring-plugin-core/2.0.0.M1/189f78af81f23eef12018a4d4cf50b8a6df8ec0d/spring-plugin-core-2.0.0.M1.jar!/org/springframework/plugin/core/PluginRegistry.class

It was loaded from the following location:

    file:/home/silent-y/.gradle/caches/modules-2/files-2.1/org.springframework.plugin/spring-plugin-core/2.0.0.M1/189f78af81f23eef12018a4d4cf50b8a6df8ec0d/spring-plugin-core-2.0.0.M1.jar


Action:

Correct the classpath of your application so that it contains a single, compatible version of org.springframework.plugin.core.PluginRegistry

2019-06-24 00:22:22.088  INFO 9975 --- [main] com.springcloud.shiro.ShiroApplication   : Starting ShiroApplication with PID 9975 (/home/silent-y/Downloads/shiro/out/production/classes started by silent-y in /home/silent-y/Downloads/shiro)
2019-06-24 00:22:22.096  INFO 9975 --- [main] com.springcloud.shiro.ShiroApplication   : No active profile set, falling back to default profiles: default
2019-06-24 00:22:23.538  INFO 9975 --- [main] .s.d.r.c.RepositoryConfigurationDelegate : Bootstrapping Spring Data repositories in DEFAULT mode.
2019-06-24 00:22:23.698  INFO 9975 --- [main] .s.d.r.c.RepositoryConfigurationDelegate : Finished Spring Data repository scanning in 142ms. Found 3 repository interfaces.
2019-06-24 00:22:24.135  INFO 9975 --- [main] trationDelegate$BeanPostProcessorChecker : Bean 'shiroConfiguration' of type [com.springcloud.shiro.config.ShiroConfiguration$$EnhancerBySpringCGLIB$$bcf02115] is not eligible for getting processed by all BeanPostProcessors (for example: not eligible for auto-proxying)
2019-06-24 00:22:24.252  INFO 9975 --- [main] trationDelegate$BeanPostProcessorChecker : Bean 'com.springcloud.shiro.application.ApplicationYml' of type [com.springcloud.shiro.application.ApplicationYml] is not eligible for getting processed by all BeanPostProcessors (for example: not eligible for auto-proxying)
2019-06-24 00:22:24.309  INFO 9975 --- [main] trationDelegate$BeanPostProcessorChecker : Bean '(inner bean)#3003827c' of type [org.springframework.beans.factory.config.PropertiesFactoryBean] is not eligible for getting processed by all BeanPostProcessors (for example: not eligible for auto-proxying)
2019-06-24 00:22:24.309  INFO 9975 --- [main] trationDelegate$BeanPostProcessorChecker : Bean '(inner bean)#3003827c' of type [java.util.Properties] is not eligible for getting processed by all BeanPostProcessors (for example: not eligible for auto-proxying)
2019-06-24 00:22:24.311  INFO 9975 --- [main] trationDelegate$BeanPostProcessorChecker : Bean '(inner bean)#2d55e826' of type [org.springframework.data.repository.core.support.PropertiesBasedNamedQueries] is not eligible for getting processed by all BeanPostProcessors (for example: not eligible for auto-proxying)
2019-06-24 00:22:24.318  INFO 9975 --- [main] trationDelegate$BeanPostProcessorChecker : Bean '(inner bean)#513b52af' of type [org.springframework.data.repository.core.support.RepositoryFragmentsFactoryBean] is not eligible for getting processed by all BeanPostProcessors (for example: not eligible for auto-proxying)
2019-06-24 00:22:24.318  INFO 9975 --- [main] trationDelegate$BeanPostProcessorChecker : Bean '(inner bean)#513b52af' of type [org.springframework.data.repository.core.support.RepositoryComposition$RepositoryFragments] is not eligible for getting processed by all BeanPostProcessors (for example: not eligible for auto-proxying)
2019-06-24 00:22:24.325  INFO 9975 --- [main] trationDelegate$BeanPostProcessorChecker : Bean 'org.springframework.boot.autoconfigure.jdbc.DataSourceConfiguration$Hikari' of type [org.springframework.boot.autoconfigure.jdbc.DataSourceConfiguration$Hikari] is not eligible for getting processed by all BeanPostProcessors (for example: not eligible for auto-proxying)
2019-06-24 00:22:24.343  INFO 9975 --- [main] trationDelegate$BeanPostProcessorChecker : Bean 'spring.datasource-org.springframework.boot.autoconfigure.jdbc.DataSourceProperties' of type [org.springframework.boot.autoconfigure.jdbc.DataSourceProperties] is not eligible for getting processed by all BeanPostProcessors (for example: not eligible for auto-proxying)
2019-06-24 00:22:24.399  INFO 9975 --- [main] trationDelegate$BeanPostProcessorChecker : Bean 'dataSource' of type [com.zaxxer.hikari.HikariDataSource] is not eligible for getting processed by all BeanPostProcessors (for example: not eligible for auto-proxying)
2019-06-24 00:22:24.407  INFO 9975 --- [main] trationDelegate$BeanPostProcessorChecker : Bean 'spring.jpa-org.springframework.boot.autoconfigure.orm.jpa.JpaProperties' of type [org.springframework.boot.autoconfigure.orm.jpa.JpaProperties] is not eligible for getting processed by all BeanPostProcessors (for example: not eligible for auto-proxying)
2019-06-24 00:22:24.415  INFO 9975 --- [main] trationDelegate$BeanPostProcessorChecker : Bean 'spring.jpa.hibernate-org.springframework.boot.autoconfigure.orm.jpa.HibernateProperties' of type [org.springframework.boot.autoconfigure.orm.jpa.HibernateProperties] is not eligible for getting processed by all BeanPostProcessors (for example: not eligible for auto-proxying)
2019-06-24 00:22:24.422  INFO 9975 --- [main] trationDelegate$BeanPostProcessorChecker : Bean 'org.springframework.boot.autoconfigure.jdbc.metadata.DataSourcePoolMetadataProvidersConfiguration$HikariPoolDataSourceMetadataProviderConfiguration' of type [org.springframework.boot.autoconfigure.jdbc.metadata.DataSourcePoolMetadataProvidersConfiguration$HikariPoolDataSourceMetadataProviderConfiguration] is not eligible for getting processed by all BeanPostProcessors (for example: not eligible for auto-proxying)
2019-06-24 00:22:24.425  INFO 9975 --- [main] trationDelegate$BeanPostProcessorChecker : Bean 'hikariPoolDataSourceMetadataProvider' of type [org.springframework.boot.autoconfigure.jdbc.metadata.DataSourcePoolMetadataProvidersConfiguration$HikariPoolDataSourceMetadataProviderConfiguration$$Lambda$355/327853004] is not eligible for getting processed by all BeanPostProcessors (for example: not eligible for auto-proxying)
2019-06-24 00:22:24.441  INFO 9975 --- [main] trationDelegate$BeanPostProcessorChecker : Bean 'org.springframework.boot.autoconfigure.orm.jpa.HibernateJpaConfiguration' of type [org.springframework.boot.autoconfigure.orm.jpa.HibernateJpaConfiguration] is not eligible for getting processed by all BeanPostProcessors (for example: not eligible for auto-proxying)
2019-06-24 00:22:24.493  INFO 9975 --- [main] trationDelegate$BeanPostProcessorChecker : Bean 'jpaVendorAdapter' of type [org.springframework.orm.jpa.vendor.HibernateJpaVendorAdapter] is not eligible for getting processed by all BeanPostProcessors (for example: not eligible for auto-proxying)
2019-06-24 00:22:24.499  INFO 9975 --- [main] trationDelegate$BeanPostProcessorChecker : Bean 'entityManagerFactoryBuilder' of type [org.springframework.boot.orm.jpa.EntityManagerFactoryBuilder] is not eligible for getting processed by all BeanPostProcessors (for example: not eligible for auto-proxying)
2019-06-24 00:22:24.579  INFO 9975 --- [main] o.hibernate.jpa.internal.util.LogHelper  : HHH000204: Processing PersistenceUnitInfo [name: default]
2019-06-24 00:22:24.727  INFO 9975 --- [main] org.hibernate.Version                    : HHH000412: Hibernate Core {5.4.3.Final}
2019-06-24 00:22:25.069  INFO 9975 --- [main] o.hibernate.annotations.common.Version   : HCANN000001: Hibernate Commons Annotations {5.1.0.Final}
2019-06-24 00:22:25.325  INFO 9975 --- [main] com.zaxxer.hikari.HikariDataSource       : HikariPool-1 - Starting...
2019-06-24 00:22:25.635  INFO 9975 --- [main] com.zaxxer.hikari.HikariDataSource       : HikariPool-1 - Start completed.
2019-06-24 00:22:25.665  INFO 9975 --- [main] org.hibernate.dialect.Dialect            : HHH000400: Using dialect: org.hibernate.dialect.MySQL57Dialect
2019-06-24 00:22:26.773  INFO 9975 --- [main] o.h.e.t.j.p.i.JtaPlatformInitiator       : HHH000490: Using JtaPlatform implementation: [org.hibernate.engine.transaction.jta.platform.internal.NoJtaPlatform]
2019-06-24 00:22:26.776  INFO 9975 --- [main] j.LocalContainerEntityManagerFactoryBean : Initialized JPA EntityManagerFactory for persistence unit 'default'
2019-06-24 00:22:26.780  INFO 9975 --- [main] trationDelegate$BeanPostProcessorChecker : Bean 'entityManagerFactory' of type [org.springframework.orm.jpa.LocalContainerEntityManagerFactoryBean] is not eligible for getting processed by all BeanPostProcessors (for example: not eligible for auto-proxying)
2019-06-24 00:22:26.781  INFO 9975 --- [main] trationDelegate$BeanPostProcessorChecker : Bean 'entityManagerFactory' of type [com.sun.proxy.$Proxy73] is not eligible for getting processed by all BeanPostProcessors (for example: not eligible for auto-proxying)
2019-06-24 00:22:26.796  INFO 9975 --- [main] trationDelegate$BeanPostProcessorChecker : Bean '(inner bean)#470d183' of type [com.sun.proxy.$Proxy74] is not eligible for getting processed by all BeanPostProcessors (for example: not eligible for auto-proxying)
2019-06-24 00:22:26.815  INFO 9975 --- [main] trationDelegate$BeanPostProcessorChecker : Bean 'jpaMappingContext' of type [org.springframework.data.jpa.repository.config.JpaMetamodelMappingContextFactoryBean] is not eligible for getting processed by all BeanPostProcessors (for example: not eligible for auto-proxying)
2019-06-24 00:22:26.816  INFO 9975 --- [main] trationDelegate$BeanPostProcessorChecker : Bean 'jpaMappingContext' of type [org.springframework.data.jpa.mapping.JpaMetamodelMappingContext] is not eligible for getting processed by all BeanPostProcessors (for example: not eligible for auto-proxying)
2019-06-24 00:22:27.131  INFO 9975 --- [main] trationDelegate$BeanPostProcessorChecker : Bean 'userDao' of type [org.springframework.data.jpa.repository.support.JpaRepositoryFactoryBean] is not eligible for getting processed by all BeanPostProcessors (for example: not eligible for auto-proxying)
2019-06-24 00:22:27.131  INFO 9975 --- [main] trationDelegate$BeanPostProcessorChecker : Bean 'userDao' of type [com.sun.proxy.$Proxy83] is not eligible for getting processed by all BeanPostProcessors (for example: not eligible for auto-proxying)
2019-06-24 00:22:27.133  INFO 9975 --- [main] trationDelegate$BeanPostProcessorChecker : Bean 'userServiceImpl' of type [com.springcloud.shiro.service.UserServiceImpl] is not eligible for getting processed by all BeanPostProcessors (for example: not eligible for auto-proxying)
2019-06-24 00:22:27.145  INFO 9975 --- [main] trationDelegate$BeanPostProcessorChecker : Bean '(inner bean)#185a0811' of type [org.springframework.beans.factory.config.PropertiesFactoryBean] is not eligible for getting processed by all BeanPostProcessors (for example: not eligible for auto-proxying)
2019-06-24 00:22:27.145  INFO 9975 --- [main] trationDelegate$BeanPostProcessorChecker : Bean '(inner bean)#185a0811' of type [java.util.Properties] is not eligible for getting processed by all BeanPostProcessors (for example: not eligible for auto-proxying)
2019-06-24 00:22:27.146  INFO 9975 --- [main] trationDelegate$BeanPostProcessorChecker : Bean '(inner bean)#2ee095c9' of type [org.springframework.data.repository.core.support.PropertiesBasedNamedQueries] is not eligible for getting processed by all BeanPostProcessors (for example: not eligible for auto-proxying)
2019-06-24 00:22:27.147  INFO 9975 --- [main] trationDelegate$BeanPostProcessorChecker : Bean '(inner bean)#6c19769c' of type [org.springframework.data.repository.core.support.RepositoryFragmentsFactoryBean] is not eligible for getting processed by all BeanPostProcessors (for example: not eligible for auto-proxying)
2019-06-24 00:22:27.148  INFO 9975 --- [main] trationDelegate$BeanPostProcessorChecker : Bean '(inner bean)#6c19769c' of type [org.springframework.data.repository.core.support.RepositoryComposition$RepositoryFragments] is not eligible for getting processed by all BeanPostProcessors (for example: not eligible for auto-proxying)
2019-06-24 00:22:27.150  INFO 9975 --- [main] trationDelegate$BeanPostProcessorChecker : Bean '(inner bean)#4db16677' of type [com.sun.proxy.$Proxy74] is not eligible for getting processed by all BeanPostProcessors (for example: not eligible for auto-proxying)
2019-06-24 00:22:27.181  INFO 9975 --- [main] trationDelegate$BeanPostProcessorChecker : Bean 'roleDao' of type [org.springframework.data.jpa.repository.support.JpaRepositoryFactoryBean] is not eligible for getting processed by all BeanPostProcessors (for example: not eligible for auto-proxying)
2019-06-24 00:22:27.182  INFO 9975 --- [main] trationDelegate$BeanPostProcessorChecker : Bean 'roleDao' of type [com.sun.proxy.$Proxy85] is not eligible for getting processed by all BeanPostProcessors (for example: not eligible for auto-proxying)
2019-06-24 00:22:27.182  INFO 9975 --- [main] trationDelegate$BeanPostProcessorChecker : Bean 'roleServiceImpl' of type [com.springcloud.shiro.service.RoleServiceImpl] is not eligible for getting processed by all BeanPostProcessors (for example: not eligible for auto-proxying)
2019-06-24 00:22:27.194  INFO 9975 --- [main] trationDelegate$BeanPostProcessorChecker : Bean '(inner bean)#2b15ba1a' of type [org.springframework.beans.factory.config.PropertiesFactoryBean] is not eligible for getting processed by all BeanPostProcessors (for example: not eligible for auto-proxying)
2019-06-24 00:22:27.194  INFO 9975 --- [main] trationDelegate$BeanPostProcessorChecker : Bean '(inner bean)#2b15ba1a' of type [java.util.Properties] is not eligible for getting processed by all BeanPostProcessors (for example: not eligible for auto-proxying)
2019-06-24 00:22:27.195  INFO 9975 --- [main] trationDelegate$BeanPostProcessorChecker : Bean '(inner bean)#44618fe6' of type [org.springframework.data.repository.core.support.PropertiesBasedNamedQueries] is not eligible for getting processed by all BeanPostProcessors (for example: not eligible for auto-proxying)
2019-06-24 00:22:27.196  INFO 9975 --- [main] trationDelegate$BeanPostProcessorChecker : Bean '(inner bean)#14fff5e7' of type [org.springframework.data.repository.core.support.RepositoryFragmentsFactoryBean] is not eligible for getting processed by all BeanPostProcessors (for example: not eligible for auto-proxying)
2019-06-24 00:22:27.197  INFO 9975 --- [main] trationDelegate$BeanPostProcessorChecker : Bean '(inner bean)#14fff5e7' of type [org.springframework.data.repository.core.support.RepositoryComposition$RepositoryFragments] is not eligible for getting processed by all BeanPostProcessors (for example: not eligible for auto-proxying)
2019-06-24 00:22:27.199  INFO 9975 --- [main] trationDelegate$BeanPostProcessorChecker : Bean '(inner bean)#6f785a27' of type [com.sun.proxy.$Proxy74] is not eligible for getting processed by all BeanPostProcessors (for example: not eligible for auto-proxying)
2019-06-24 00:22:27.227  INFO 9975 --- [main] trationDelegate$BeanPostProcessorChecker : Bean 'permissionDao' of type [org.springframework.data.jpa.repository.support.JpaRepositoryFactoryBean] is not eligible for getting processed by all BeanPostProcessors (for example: not eligible for auto-proxying)
2019-06-24 00:22:27.227  INFO 9975 --- [main] trationDelegate$BeanPostProcessorChecker : Bean 'permissionDao' of type [com.sun.proxy.$Proxy86] is not eligible for getting processed by all BeanPostProcessors (for example: not eligible for auto-proxying)
2019-06-24 00:22:27.227  INFO 9975 --- [main] trationDelegate$BeanPostProcessorChecker : Bean 'permissionServiceImpl' of type [com.springcloud.shiro.service.PermissionServiceImpl] is not eligible for getting processed by all BeanPostProcessors (for example: not eligible for auto-proxying)
2019-06-24 00:22:27.228  INFO 9975 --- [main] trationDelegate$BeanPostProcessorChecker : Bean 'shiroRealm' of type [com.springcloud.shiro.authtentication.UserRealm] is not eligible for getting processed by all BeanPostProcessors (for example: not eligible for auto-proxying)
2019-06-24 00:22:27.577  INFO 9975 --- [main] trationDelegate$BeanPostProcessorChecker : Bean 'securityManager' of type [org.apache.shiro.web.mgt.DefaultWebSecurityManager] is not eligible for getting processed by all BeanPostProcessors (for example: not eligible for auto-proxying)
2019-06-24 00:22:27.679  INFO 9975 --- [main] trationDelegate$BeanPostProcessorChecker : Bean 'authorizationAttributeSourceAdvisor' of type [org.apache.shiro.spring.security.interceptor.AuthorizationAttributeSourceAdvisor] is not eligible for getting processed by all BeanPostProcessors (for example: not eligible for auto-proxying)
2019-06-24 00:22:27.762  INFO 9975 --- [main] trationDelegate$BeanPostProcessorChecker : Bean 'org.springframework.transaction.annotation.ProxyTransactionManagementConfiguration' of type [org.springframework.transaction.annotation.ProxyTransactionManagementConfiguration$$EnhancerBySpringCGLIB$$2c0b3e0f] is not eligible for getting processed by all BeanPostProcessors (for example: not eligible for auto-proxying)
2019-06-24 00:22:28.485  INFO 9975 --- [main] o.s.b.w.embedded.tomcat.TomcatWebServer  : Tomcat initialized with port(s): 8090 (http)
2019-06-24 00:22:28.514  INFO 9975 --- [main] o.apache.catalina.core.StandardService   : Starting service [Tomcat]
2019-06-24 00:22:28.514  INFO 9975 --- [main] org.apache.catalina.core.StandardEngine  : Starting Servlet engine: [Apache Tomcat/9.0.21]
2019-06-24 00:22:28.681  INFO 9975 --- [main] o.a.c.c.C.[Tomcat].[localhost].[/]       : Initializing Spring embedded WebApplicationContext
2019-06-24 00:22:28.682  INFO 9975 --- [main] o.s.web.context.ContextLoader            : Root WebApplicationContext: initialization completed in 6443 ms
2019-06-24 00:22:29.411  WARN 9975 --- [main] JpaBaseConfiguration$JpaWebConfiguration : spring.jpa.open-in-view is enabled by default. Therefore, database queries may be performed during view rendering. Explicitly configure spring.jpa.open-in-view to disable this warning
2019-06-24 00:22:29.751  INFO 9975 --- [main] pertySourcedRequestMappingHandlerMapping : Mapped URL path [/v2/api-docs] onto method [springfox.documentation.swagger2.web.Swagger2Controller#getDocumentation(String, HttpServletRequest)]
2019-06-24 00:22:30.223  INFO 9975 --- [main] o.s.s.concurrent.ThreadPoolTaskExecutor  : Initializing ExecutorService 'applicationTaskExecutor'
2019-06-24 00:22:30.585  INFO 9975 --- [main] d.s.w.p.DocumentationPluginsBootstrapper : Context refreshed
2019-06-24 00:22:30.624  INFO 9975 --- [main] d.s.w.p.DocumentationPluginsBootstrapper : Found 1 custom documentation plugin(s)
2019-06-24 00:22:30.708  INFO 9975 --- [main] s.d.s.w.s.ApiListingReferenceScanner     : Scanning for api listing references
2019-06-24 00:22:30.729 ERROR 9975 --- [main] d.s.w.p.DocumentationPluginsBootstrapper : Unable to scan documentation context default

java.util.regex.PatternSyntaxException: Dangling meta character '*' near index 2
/**
  ^
	at java.util.regex.Pattern.error(Pattern.java:1955) ~[na:1.8.0_151]
	at java.util.regex.Pattern.sequence(Pattern.java:2123) ~[na:1.8.0_151]
	at java.util.regex.Pattern.expr(Pattern.java:1996) ~[na:1.8.0_151]
	at java.util.regex.Pattern.compile(Pattern.java:1696) ~[na:1.8.0_151]
	at java.util.regex.Pattern.<init>(Pattern.java:1351) ~[na:1.8.0_151]
	at java.util.regex.Pattern.compile(Pattern.java:1028) ~[na:1.8.0_151]
	at java.util.regex.Pattern.matches(Pattern.java:1133) ~[na:1.8.0_151]
	at java.lang.String.matches(String.java:2121) ~[na:1.8.0_151]
	at springfox.documentation.builders.PathSelectors$1.apply(PathSelectors.java:59) ~[springfox-core-2.9.2.jar:null]
	at springfox.documentation.builders.PathSelectors$1.apply(PathSelectors.java:56) ~[springfox-core-2.9.2.jar:null]
	at com.google.common.base.Predicates$AndPredicate.apply(Predicates.java:384) ~[guava-20.0.jar:na]
	at com.google.common.collect.Iterators.indexOf(Iterators.java:729) ~[guava-20.0.jar:na]
	at com.google.common.collect.Iterators.any(Iterators.java:641) ~[guava-20.0.jar:na]
	at com.google.common.collect.Iterables.any(Iterables.java:603) ~[guava-20.0.jar:na]
	at springfox.documentation.spring.web.plugins.ApiSelectorBuilder$1.apply(ApiSelectorBuilder.java:61) ~[springfox-spring-web-2.9.2.jar:null]
	at springfox.documentation.spring.web.plugins.ApiSelectorBuilder$1.apply(ApiSelectorBuilder.java:58) ~[springfox-spring-web-2.9.2.jar:null]
	at com.google.common.base.Predicates$AndPredicate.apply(Predicates.java:384) ~[guava-20.0.jar:na]
	at com.google.common.collect.Iterators$6.computeNext(Iterators.java:617) ~[guava-20.0.jar:na]
	at com.google.common.collect.AbstractIterator.tryToComputeNext(AbstractIterator.java:145) ~[guava-20.0.jar:na]
	at com.google.common.collect.AbstractIterator.hasNext(AbstractIterator.java:140) ~[guava-20.0.jar:na]
	at springfox.documentation.spring.web.scanners.ApiListingReferenceScanner.scan(ApiListingReferenceScanner.java:48) ~[springfox-spring-web-2.9.2.jar:null]
	at springfox.documentation.spring.web.scanners.ApiDocumentationScanner.scan(ApiDocumentationScanner.java:67) ~[springfox-spring-web-2.9.2.jar:null]
	at springfox.documentation.spring.web.plugins.DocumentationPluginsBootstrapper.scanDocumentation(DocumentationPluginsBootstrapper.java:101) [springfox-spring-web-2.9.2.jar:null]
	at springfox.documentation.spring.web.plugins.DocumentationPluginsBootstrapper.start(DocumentationPluginsBootstrapper.java:167) [springfox-spring-web-2.9.2.jar:null]
	at org.springframework.context.support.DefaultLifecycleProcessor.doStart(DefaultLifecycleProcessor.java:182) [spring-context-5.2.0.M3.jar:5.2.0.M3]
	at org.springframework.context.support.DefaultLifecycleProcessor.access$200(DefaultLifecycleProcessor.java:53) [spring-context-5.2.0.M3.jar:5.2.0.M3]
	at org.springframework.context.support.DefaultLifecycleProcessor$LifecycleGroup.start(DefaultLifecycleProcessor.java:360) [spring-context-5.2.0.M3.jar:5.2.0.M3]
	at org.springframework.context.support.DefaultLifecycleProcessor.startBeans(DefaultLifecycleProcessor.java:158) [spring-context-5.2.0.M3.jar:5.2.0.M3]
	at org.springframework.context.support.DefaultLifecycleProcessor.onRefresh(DefaultLifecycleProcessor.java:122) [spring-context-5.2.0.M3.jar:5.2.0.M3]
	at org.springframework.context.support.AbstractApplicationContext.finishRefresh(AbstractApplicationContext.java:893) [spring-context-5.2.0.M3.jar:5.2.0.M3]
	at org.springframework.boot.web.servlet.context.ServletWebServerApplicationContext.finishRefresh(ServletWebServerApplicationContext.java:161) [spring-boot-2.2.0.M4.jar:2.2.0.M4]
	at org.springframework.context.support.AbstractApplicationContext.refresh(AbstractApplicationContext.java:552) [spring-context-5.2.0.M3.jar:5.2.0.M3]
	at org.springframework.boot.web.servlet.context.ServletWebServerApplicationContext.refresh(ServletWebServerApplicationContext.java:140) [spring-boot-2.2.0.M4.jar:2.2.0.M4]
	at org.springframework.boot.SpringApplication.refresh(SpringApplication.java:748) [spring-boot-2.2.0.M4.jar:2.2.0.M4]
	at org.springframework.boot.SpringApplication.refreshContext(SpringApplication.java:395) [spring-boot-2.2.0.M4.jar:2.2.0.M4]
	at org.springframework.boot.SpringApplication.run(SpringApplication.java:314) [spring-boot-2.2.0.M4.jar:2.2.0.M4]
	at org.springframework.boot.SpringApplication.run(SpringApplication.java:1227) [spring-boot-2.2.0.M4.jar:2.2.0.M4]
	at org.springframework.boot.SpringApplication.run(SpringApplication.java:1216) [spring-boot-2.2.0.M4.jar:2.2.0.M4]
	at com.springcloud.shiro.ShiroApplication.main(ShiroApplication.java:16) [classes/:na]

2019-06-24 00:22:30.777  INFO 9975 --- [main] o.s.b.w.embedded.tomcat.TomcatWebServer  : Tomcat started on port(s): 8090 (http) with context path ''
2019-06-24 00:22:30.780  INFO 9975 --- [main] com.springcloud.shiro.ShiroApplication   : Started ShiroApplication in 10.232 seconds (JVM running for 11.242)
2019-06-24 00:22:30.784  INFO 9975 --- [main] com.springcloud.shiro.ShiroApplication   : ==================>ShiroApplication start finished<==================
2019-06-24 00:23:21.193  INFO 9975 --- [Thread-3] o.s.s.concurrent.ThreadPoolTaskExecutor  : Shutting down ExecutorService 'applicationTaskExecutor'
2019-06-24 00:23:21.204  INFO 9975 --- [Thread-3] j.LocalContainerEntityManagerFactoryBean : Closing JPA EntityManagerFactory for persistence unit 'default'
2019-06-24 00:23:21.210  INFO 9975 --- [Thread-3] com.zaxxer.hikari.HikariDataSource       : HikariPool-1 - Shutdown initiated...
2019-06-24 00:23:21.232  INFO 9975 --- [Thread-3] com.zaxxer.hikari.HikariDataSource       : HikariPool-1 - Shutdown completed.
2019-06-24 00:23:26.577  INFO 10085 --- [main] com.springcloud.shiro.ShiroApplication   : Starting ShiroApplication with PID 10085 (/home/silent-y/Downloads/shiro/out/production/classes started by silent-y in /home/silent-y/Downloads/shiro)
2019-06-24 00:23:26.582  INFO 10085 --- [main] com.springcloud.shiro.ShiroApplication   : No active profile set, falling back to default profiles: default
2019-06-24 00:23:28.169  INFO 10085 --- [main] .s.d.r.c.RepositoryConfigurationDelegate : Bootstrapping Spring Data repositories in DEFAULT mode.
2019-06-24 00:23:28.350  INFO 10085 --- [main] .s.d.r.c.RepositoryConfigurationDelegate : Finished Spring Data repository scanning in 161ms. Found 3 repository interfaces.
2019-06-24 00:23:28.746  INFO 10085 --- [main] trationDelegate$BeanPostProcessorChecker : Bean 'shiroConfiguration' of type [com.springcloud.shiro.config.ShiroConfiguration$$EnhancerBySpringCGLIB$$17ed7a35] is not eligible for getting processed by all BeanPostProcessors (for example: not eligible for auto-proxying)
2019-06-24 00:23:28.852  INFO 10085 --- [main] trationDelegate$BeanPostProcessorChecker : Bean 'com.springcloud.shiro.application.ApplicationYml' of type [com.springcloud.shiro.application.ApplicationYml] is not eligible for getting processed by all BeanPostProcessors (for example: not eligible for auto-proxying)
2019-06-24 00:23:28.911  INFO 10085 --- [main] trationDelegate$BeanPostProcessorChecker : Bean '(inner bean)#3b705be7' of type [org.springframework.beans.factory.config.PropertiesFactoryBean] is not eligible for getting processed by all BeanPostProcessors (for example: not eligible for auto-proxying)
2019-06-24 00:23:28.911  INFO 10085 --- [main] trationDelegate$BeanPostProcessorChecker : Bean '(inner bean)#3b705be7' of type [java.util.Properties] is not eligible for getting processed by all BeanPostProcessors (for example: not eligible for auto-proxying)
2019-06-24 00:23:28.914  INFO 10085 --- [main] trationDelegate$BeanPostProcessorChecker : Bean '(inner bean)#485e13d7' of type [org.springframework.data.repository.core.support.PropertiesBasedNamedQueries] is not eligible for getting processed by all BeanPostProcessors (for example: not eligible for auto-proxying)
2019-06-24 00:23:28.921  INFO 10085 --- [main] trationDelegate$BeanPostProcessorChecker : Bean '(inner bean)#63d5874f' of type [org.springframework.data.repository.core.support.RepositoryFragmentsFactoryBean] is not eligible for getting processed by all BeanPostProcessors (for example: not eligible for auto-proxying)
2019-06-24 00:23:28.921  INFO 10085 --- [main] trationDelegate$BeanPostProcessorChecker : Bean '(inner bean)#63d5874f' of type [org.springframework.data.repository.core.support.RepositoryComposition$RepositoryFragments] is not eligible for getting processed by all BeanPostProcessors (for example: not eligible for auto-proxying)
2019-06-24 00:23:28.928  INFO 10085 --- [main] trationDelegate$BeanPostProcessorChecker : Bean 'org.springframework.boot.autoconfigure.jdbc.DataSourceConfiguration$Hikari' of type [org.springframework.boot.autoconfigure.jdbc.DataSourceConfiguration$Hikari] is not eligible for getting processed by all BeanPostProcessors (for example: not eligible for auto-proxying)
2019-06-24 00:23:28.945  INFO 10085 --- [main] trationDelegate$BeanPostProcessorChecker : Bean 'spring.datasource-org.springframework.boot.autoconfigure.jdbc.DataSourceProperties' of type [org.springframework.boot.autoconfigure.jdbc.DataSourceProperties] is not eligible for getting processed by all BeanPostProcessors (for example: not eligible for auto-proxying)
2019-06-24 00:23:29.002  INFO 10085 --- [main] trationDelegate$BeanPostProcessorChecker : Bean 'dataSource' of type [com.zaxxer.hikari.HikariDataSource] is not eligible for getting processed by all BeanPostProcessors (for example: not eligible for auto-proxying)
2019-06-24 00:23:29.010  INFO 10085 --- [main] trationDelegate$BeanPostProcessorChecker : Bean 'spring.jpa-org.springframework.boot.autoconfigure.orm.jpa.JpaProperties' of type [org.springframework.boot.autoconfigure.orm.jpa.JpaProperties] is not eligible for getting processed by all BeanPostProcessors (for example: not eligible for auto-proxying)
2019-06-24 00:23:29.018  INFO 10085 --- [main] trationDelegate$BeanPostProcessorChecker : Bean 'spring.jpa.hibernate-org.springframework.boot.autoconfigure.orm.jpa.HibernateProperties' of type [org.springframework.boot.autoconfigure.orm.jpa.HibernateProperties] is not eligible for getting processed by all BeanPostProcessors (for example: not eligible for auto-proxying)
2019-06-24 00:23:29.024  INFO 10085 --- [main] trationDelegate$BeanPostProcessorChecker : Bean 'org.springframework.boot.autoconfigure.jdbc.metadata.DataSourcePoolMetadataProvidersConfiguration$HikariPoolDataSourceMetadataProviderConfiguration' of type [org.springframework.boot.autoconfigure.jdbc.metadata.DataSourcePoolMetadataProvidersConfiguration$HikariPoolDataSourceMetadataProviderConfiguration] is not eligible for getting processed by all BeanPostProcessors (for example: not eligible for auto-proxying)
2019-06-24 00:23:29.027  INFO 10085 --- [main] trationDelegate$BeanPostProcessorChecker : Bean 'hikariPoolDataSourceMetadataProvider' of type [org.springframework.boot.autoconfigure.jdbc.metadata.DataSourcePoolMetadataProvidersConfiguration$HikariPoolDataSourceMetadataProviderConfiguration$$Lambda$356/1223360538] is not eligible for getting processed by all BeanPostProcessors (for example: not eligible for auto-proxying)
2019-06-24 00:23:29.040  INFO 10085 --- [main] trationDelegate$BeanPostProcessorChecker : Bean 'org.springframework.boot.autoconfigure.orm.jpa.HibernateJpaConfiguration' of type [org.springframework.boot.autoconfigure.orm.jpa.HibernateJpaConfiguration] is not eligible for getting processed by all BeanPostProcessors (for example: not eligible for auto-proxying)
2019-06-24 00:23:29.094  INFO 10085 --- [main] trationDelegate$BeanPostProcessorChecker : Bean 'jpaVendorAdapter' of type [org.springframework.orm.jpa.vendor.HibernateJpaVendorAdapter] is not eligible for getting processed by all BeanPostProcessors (for example: not eligible for auto-proxying)
2019-06-24 00:23:29.099  INFO 10085 --- [main] trationDelegate$BeanPostProcessorChecker : Bean 'entityManagerFactoryBuilder' of type [org.springframework.boot.orm.jpa.EntityManagerFactoryBuilder] is not eligible for getting processed by all BeanPostProcessors (for example: not eligible for auto-proxying)
2019-06-24 00:23:29.179  INFO 10085 --- [main] o.hibernate.jpa.internal.util.LogHelper  : HHH000204: Processing PersistenceUnitInfo [name: default]
2019-06-24 00:23:29.353  INFO 10085 --- [main] org.hibernate.Version                    : HHH000412: Hibernate Core {5.4.3.Final}
2019-06-24 00:23:29.707  INFO 10085 --- [main] o.hibernate.annotations.common.Version   : HCANN000001: Hibernate Commons Annotations {5.1.0.Final}
2019-06-24 00:23:30.024  INFO 10085 --- [main] com.zaxxer.hikari.HikariDataSource       : HikariPool-1 - Starting...
2019-06-24 00:23:30.311  INFO 10085 --- [main] com.zaxxer.hikari.HikariDataSource       : HikariPool-1 - Start completed.
2019-06-24 00:23:30.352  INFO 10085 --- [main] org.hibernate.dialect.Dialect            : HHH000400: Using dialect: org.hibernate.dialect.MySQL57Dialect
2019-06-24 00:23:31.496  INFO 10085 --- [main] o.h.e.t.j.p.i.JtaPlatformInitiator       : HHH000490: Using JtaPlatform implementation: [org.hibernate.engine.transaction.jta.platform.internal.NoJtaPlatform]
2019-06-24 00:23:31.499  INFO 10085 --- [main] j.LocalContainerEntityManagerFactoryBean : Initialized JPA EntityManagerFactory for persistence unit 'default'
2019-06-24 00:23:31.503  INFO 10085 --- [main] trationDelegate$BeanPostProcessorChecker : Bean 'entityManagerFactory' of type [org.springframework.orm.jpa.LocalContainerEntityManagerFactoryBean] is not eligible for getting processed by all BeanPostProcessors (for example: not eligible for auto-proxying)
2019-06-24 00:23:31.504  INFO 10085 --- [main] trationDelegate$BeanPostProcessorChecker : Bean 'entityManagerFactory' of type [com.sun.proxy.$Proxy73] is not eligible for getting processed by all BeanPostProcessors (for example: not eligible for auto-proxying)
2019-06-24 00:23:31.519  INFO 10085 --- [main] trationDelegate$BeanPostProcessorChecker : Bean '(inner bean)#3a8d467e' of type [com.sun.proxy.$Proxy74] is not eligible for getting processed by all BeanPostProcessors (for example: not eligible for auto-proxying)
2019-06-24 00:23:31.542  INFO 10085 --- [main] trationDelegate$BeanPostProcessorChecker : Bean 'jpaMappingContext' of type [org.springframework.data.jpa.repository.config.JpaMetamodelMappingContextFactoryBean] is not eligible for getting processed by all BeanPostProcessors (for example: not eligible for auto-proxying)
2019-06-24 00:23:31.542  INFO 10085 --- [main] trationDelegate$BeanPostProcessorChecker : Bean 'jpaMappingContext' of type [org.springframework.data.jpa.mapping.JpaMetamodelMappingContext] is not eligible for getting processed by all BeanPostProcessors (for example: not eligible for auto-proxying)
2019-06-24 00:23:31.899  INFO 10085 --- [main] trationDelegate$BeanPostProcessorChecker : Bean 'userDao' of type [org.springframework.data.jpa.repository.support.JpaRepositoryFactoryBean] is not eligible for getting processed by all BeanPostProcessors (for example: not eligible for auto-proxying)
2019-06-24 00:23:31.900  INFO 10085 --- [main] trationDelegate$BeanPostProcessorChecker : Bean 'userDao' of type [com.sun.proxy.$Proxy83] is not eligible for getting processed by all BeanPostProcessors (for example: not eligible for auto-proxying)
2019-06-24 00:23:31.901  INFO 10085 --- [main] trationDelegate$BeanPostProcessorChecker : Bean 'userServiceImpl' of type [com.springcloud.shiro.service.UserServiceImpl] is not eligible for getting processed by all BeanPostProcessors (for example: not eligible for auto-proxying)
2019-06-24 00:23:31.912  INFO 10085 --- [main] trationDelegate$BeanPostProcessorChecker : Bean '(inner bean)#591a4d25' of type [org.springframework.beans.factory.config.PropertiesFactoryBean] is not eligible for getting processed by all BeanPostProcessors (for example: not eligible for auto-proxying)
2019-06-24 00:23:31.912  INFO 10085 --- [main] trationDelegate$BeanPostProcessorChecker : Bean '(inner bean)#591a4d25' of type [java.util.Properties] is not eligible for getting processed by all BeanPostProcessors (for example: not eligible for auto-proxying)
2019-06-24 00:23:31.913  INFO 10085 --- [main] trationDelegate$BeanPostProcessorChecker : Bean '(inner bean)#1b7a4930' of type [org.springframework.data.repository.core.support.PropertiesBasedNamedQueries] is not eligible for getting processed by all BeanPostProcessors (for example: not eligible for auto-proxying)
2019-06-24 00:23:31.914  INFO 10085 --- [main] trationDelegate$BeanPostProcessorChecker : Bean '(inner bean)#1b841e7d' of type [org.springframework.data.repository.core.support.RepositoryFragmentsFactoryBean] is not eligible for getting processed by all BeanPostProcessors (for example: not eligible for auto-proxying)
2019-06-24 00:23:31.915  INFO 10085 --- [main] trationDelegate$BeanPostProcessorChecker : Bean '(inner bean)#1b841e7d' of type [org.springframework.data.repository.core.support.RepositoryComposition$RepositoryFragments] is not eligible for getting processed by all BeanPostProcessors (for example: not eligible for auto-proxying)
2019-06-24 00:23:31.917  INFO 10085 --- [main] trationDelegate$BeanPostProcessorChecker : Bean '(inner bean)#7eebb316' of type [com.sun.proxy.$Proxy74] is not eligible for getting processed by all BeanPostProcessors (for example: not eligible for auto-proxying)
2019-06-24 00:23:31.946  INFO 10085 --- [main] trationDelegate$BeanPostProcessorChecker : Bean 'roleDao' of type [org.springframework.data.jpa.repository.support.JpaRepositoryFactoryBean] is not eligible for getting processed by all BeanPostProcessors (for example: not eligible for auto-proxying)
2019-06-24 00:23:31.947  INFO 10085 --- [main] trationDelegate$BeanPostProcessorChecker : Bean 'roleDao' of type [com.sun.proxy.$Proxy85] is not eligible for getting processed by all BeanPostProcessors (for example: not eligible for auto-proxying)
2019-06-24 00:23:31.947  INFO 10085 --- [main] trationDelegate$BeanPostProcessorChecker : Bean 'roleServiceImpl' of type [com.springcloud.shiro.service.RoleServiceImpl] is not eligible for getting processed by all BeanPostProcessors (for example: not eligible for auto-proxying)
2019-06-24 00:23:31.955  INFO 10085 --- [main] trationDelegate$BeanPostProcessorChecker : Bean '(inner bean)#602c167e' of type [org.springframework.beans.factory.config.PropertiesFactoryBean] is not eligible for getting processed by all BeanPostProcessors (for example: not eligible for auto-proxying)
2019-06-24 00:23:31.955  INFO 10085 --- [main] trationDelegate$BeanPostProcessorChecker : Bean '(inner bean)#602c167e' of type [java.util.Properties] is not eligible for getting processed by all BeanPostProcessors (for example: not eligible for auto-proxying)
2019-06-24 00:23:31.956  INFO 10085 --- [main] trationDelegate$BeanPostProcessorChecker : Bean '(inner bean)#37753b69' of type [org.springframework.data.repository.core.support.PropertiesBasedNamedQueries] is not eligible for getting processed by all BeanPostProcessors (for example: not eligible for auto-proxying)
2019-06-24 00:23:31.958  INFO 10085 --- [main] trationDelegate$BeanPostProcessorChecker : Bean '(inner bean)#e7b3e54' of type [org.springframework.data.repository.core.support.RepositoryFragmentsFactoryBean] is not eligible for getting processed by all BeanPostProcessors (for example: not eligible for auto-proxying)
2019-06-24 00:23:31.958  INFO 10085 --- [main] trationDelegate$BeanPostProcessorChecker : Bean '(inner bean)#e7b3e54' of type [org.springframework.data.repository.core.support.RepositoryComposition$RepositoryFragments] is not eligible for getting processed by all BeanPostProcessors (for example: not eligible for auto-proxying)
2019-06-24 00:23:31.959  INFO 10085 --- [main] trationDelegate$BeanPostProcessorChecker : Bean '(inner bean)#60861e5d' of type [com.sun.proxy.$Proxy74] is not eligible for getting processed by all BeanPostProcessors (for example: not eligible for auto-proxying)
2019-06-24 00:23:31.986  INFO 10085 --- [main] trationDelegate$BeanPostProcessorChecker : Bean 'permissionDao' of type [org.springframework.data.jpa.repository.support.JpaRepositoryFactoryBean] is not eligible for getting processed by all BeanPostProcessors (for example: not eligible for auto-proxying)
2019-06-24 00:23:31.987  INFO 10085 --- [main] trationDelegate$BeanPostProcessorChecker : Bean 'permissionDao' of type [com.sun.proxy.$Proxy86] is not eligible for getting processed by all BeanPostProcessors (for example: not eligible for auto-proxying)
2019-06-24 00:23:31.987  INFO 10085 --- [main] trationDelegate$BeanPostProcessorChecker : Bean 'permissionServiceImpl' of type [com.springcloud.shiro.service.PermissionServiceImpl] is not eligible for getting processed by all BeanPostProcessors (for example: not eligible for auto-proxying)
2019-06-24 00:23:31.988  INFO 10085 --- [main] trationDelegate$BeanPostProcessorChecker : Bean 'shiroRealm' of type [com.springcloud.shiro.authtentication.UserRealm] is not eligible for getting processed by all BeanPostProcessors (for example: not eligible for auto-proxying)
2019-06-24 00:23:32.374  INFO 10085 --- [main] trationDelegate$BeanPostProcessorChecker : Bean 'securityManager' of type [org.apache.shiro.web.mgt.DefaultWebSecurityManager] is not eligible for getting processed by all BeanPostProcessors (for example: not eligible for auto-proxying)
2019-06-24 00:23:32.482  INFO 10085 --- [main] trationDelegate$BeanPostProcessorChecker : Bean 'authorizationAttributeSourceAdvisor' of type [org.apache.shiro.spring.security.interceptor.AuthorizationAttributeSourceAdvisor] is not eligible for getting processed by all BeanPostProcessors (for example: not eligible for auto-proxying)
2019-06-24 00:23:32.565  INFO 10085 --- [main] trationDelegate$BeanPostProcessorChecker : Bean 'org.springframework.transaction.annotation.ProxyTransactionManagementConfiguration' of type [org.springframework.transaction.annotation.ProxyTransactionManagementConfiguration$$EnhancerBySpringCGLIB$$8708972f] is not eligible for getting processed by all BeanPostProcessors (for example: not eligible for auto-proxying)
2019-06-24 00:23:33.292  INFO 10085 --- [main] o.s.b.w.embedded.tomcat.TomcatWebServer  : Tomcat initialized with port(s): 8090 (http)
2019-06-24 00:23:33.310  INFO 10085 --- [main] o.apache.catalina.core.StandardService   : Starting service [Tomcat]
2019-06-24 00:23:33.311  INFO 10085 --- [main] org.apache.catalina.core.StandardEngine  : Starting Servlet engine: [Apache Tomcat/9.0.21]
2019-06-24 00:23:33.459  INFO 10085 --- [main] o.a.c.c.C.[Tomcat].[localhost].[/]       : Initializing Spring embedded WebApplicationContext
2019-06-24 00:23:33.459  INFO 10085 --- [main] o.s.web.context.ContextLoader            : Root WebApplicationContext: initialization completed in 6740 ms
2019-06-24 00:23:34.212  WARN 10085 --- [main] JpaBaseConfiguration$JpaWebConfiguration : spring.jpa.open-in-view is enabled by default. Therefore, database queries may be performed during view rendering. Explicitly configure spring.jpa.open-in-view to disable this warning
2019-06-24 00:23:34.677  INFO 10085 --- [main] pertySourcedRequestMappingHandlerMapping : Mapped URL path [/v2/api-docs] onto method [springfox.documentation.swagger2.web.Swagger2Controller#getDocumentation(String, HttpServletRequest)]
2019-06-24 00:23:35.244  INFO 10085 --- [main] o.s.s.concurrent.ThreadPoolTaskExecutor  : Initializing ExecutorService 'applicationTaskExecutor'
2019-06-24 00:23:35.690  INFO 10085 --- [main] d.s.w.p.DocumentationPluginsBootstrapper : Context refreshed
2019-06-24 00:23:35.734  INFO 10085 --- [main] d.s.w.p.DocumentationPluginsBootstrapper : Found 1 custom documentation plugin(s)
2019-06-24 00:23:35.800  INFO 10085 --- [main] s.d.s.w.s.ApiListingReferenceScanner     : Scanning for api listing references
2019-06-24 00:23:35.867  INFO 10085 --- [main] o.s.b.w.embedded.tomcat.TomcatWebServer  : Tomcat started on port(s): 8090 (http) with context path ''
2019-06-24 00:23:35.870  INFO 10085 --- [main] com.springcloud.shiro.ShiroApplication   : Started ShiroApplication in 10.926 seconds (JVM running for 11.917)
2019-06-24 00:23:35.875  INFO 10085 --- [main] com.springcloud.shiro.ShiroApplication   : ==================>ShiroApplication start finished<==================
